  test.cpp
C:\Users\Haroo\source\repos\Project1\Project1\Vehicle.h(85,97): warning C4244: 'argument': conversion from 'double' to 'float', possible loss of data
C:\Users\Haroo\source\repos\Project1\Project1\Vehicle.h(90,27): warning C4244: 'argument': conversion from 'double' to 'int', possible loss of data
C:\Users\Haroo\source\repos\Project1\Project1\Vehicle.h(107,97): warning C4244: 'argument': conversion from 'double' to 'float', possible loss of data
C:\Users\Haroo\source\repos\Project1\Project1\Vehicle.h(112,27): warning C4244: 'argument': conversion from 'double' to 'int', possible loss of data
C:\Users\Haroo\source\repos\Project1\Project1\Vehicle.h(128,97): warning C4244: 'argument': conversion from 'double' to 'float', possible loss of data
C:\Users\Haroo\source\repos\Project1\Project1\Vehicle.h(133,27): warning C4244: 'argument': conversion from 'double' to 'int', possible loss of data
C:\Users\Haroo\source\repos\Project1\Project1\test.cpp(23,66): warning C4244: 'return': conversion from 'double' to 'float', possible loss of data
C:\Users\Haroo\source\repos\Project1\Project1\test.cpp(27,67): warning C4244: 'return': conversion from 'double' to 'float', possible loss of data
C:\Users\Haroo\source\repos\Project1\Project1\test.cpp(31,70): warning C4244: 'return': conversion from 'double' to 'float', possible loss of data
C:\Users\Haroo\source\repos\Project1\Project1\test.cpp(35,71): warning C4244: 'return': conversion from 'double' to 'float', possible loss of data
C:\Users\Haroo\source\repos\Project1\Project1\test.cpp(95,36): warning C4244: '=': conversion from 'double' to 'float', possible loss of data
C:\Users\Haroo\source\repos\Project1\Project1\test.cpp(137,30): warning C4244: 'initializing': conversion from 'double' to 'float', possible loss of data
C:\Users\Haroo\source\repos\Project1\Project1\test.cpp(152,59): warning C4244: '=': conversion from 'double' to 'float', possible loss of data
C:\Users\Haroo\source\repos\Project1\Project1\test.cpp(202,45): warning C4244: 'argument': conversion from 'double' to 'int', possible loss of data
C:\Users\Haroo\source\repos\Project1\Project1\test.cpp(206,73): warning C4244: 'argument': conversion from 'float' to 'int32_t', possible loss of data
C:\Users\Haroo\source\repos\Project1\Project1\test.cpp(206,35): warning C4244: 'argument': conversion from 'float' to 'int32_t', possible loss of data
C:\Users\Haroo\source\repos\Project1\Project1\test.cpp(208,73): warning C4244: 'argument': conversion from 'float' to 'int32_t', possible loss of data
C:\Users\Haroo\source\repos\Project1\Project1\test.cpp(208,34): warning C4244: 'argument': conversion from 'float' to 'int32_t', possible loss of data
C:\Users\Haroo\source\repos\Project1\Project1\test.cpp(211,45): warning C4244: 'argument': conversion from 'double' to 'int', possible loss of data
C:\Users\Haroo\source\repos\Project1\Project1\test.cpp(215,73): warning C4244: 'argument': conversion from 'float' to 'int32_t', possible loss of data
C:\Users\Haroo\source\repos\Project1\Project1\test.cpp(215,35): warning C4244: 'argument': conversion from 'float' to 'int32_t', possible loss of data
C:\Users\Haroo\source\repos\Project1\Project1\test.cpp(222,73): warning C4244: 'argument': conversion from 'float' to 'int32_t', possible loss of data
C:\Users\Haroo\source\repos\Project1\Project1\test.cpp(222,34): warning C4244: 'argument': conversion from 'float' to 'int32_t', possible loss of data
C:\Users\Haroo\source\repos\Project1\Project1\test.cpp(232,117): warning C4244: 'argument': conversion from 'float' to 'int32_t', possible loss of data
C:\Users\Haroo\source\repos\Project1\Project1\test.cpp(232,83): warning C4244: 'argument': conversion from 'float' to 'int32_t', possible loss of data
C:\Users\Haroo\source\repos\Project1\Project1\test.cpp(232,59): warning C4244: 'argument': conversion from 'float' to 'int32_t', possible loss of data
C:\Users\Haroo\source\repos\Project1\Project1\test.cpp(232,35): warning C4244: 'argument': conversion from 'float' to 'int32_t', possible loss of data
C:\Users\Haroo\source\repos\Project1\Project1\test.cpp(233,136): warning C4244: 'argument': conversion from 'float' to 'int32_t', possible loss of data
C:\Users\Haroo\source\repos\Project1\Project1\test.cpp(233,87): warning C4244: 'argument': conversion from 'float' to 'int32_t', possible loss of data
C:\Users\Haroo\source\repos\Project1\Project1\test.cpp(233,64): warning C4244: 'argument': conversion from 'float' to 'int32_t', possible loss of data
C:\Users\Haroo\source\repos\Project1\Project1\test.cpp(233,35): warning C4244: 'argument': conversion from 'float' to 'int32_t', possible loss of data
C:\Users\Haroo\source\repos\Project1\Project1\test.cpp(234,125): warning C4244: 'argument': conversion from 'float' to 'int32_t', possible loss of data
C:\Users\Haroo\source\repos\Project1\Project1\test.cpp(234,102): warning C4244: 'argument': conversion from 'float' to 'int32_t', possible loss of data
C:\Users\Haroo\source\repos\Project1\Project1\test.cpp(234,63): warning C4244: 'argument': conversion from 'float' to 'int32_t', possible loss of data
C:\Users\Haroo\source\repos\Project1\Project1\test.cpp(234,40): warning C4244: 'argument': conversion from 'float' to 'int32_t', possible loss of data
C:\Users\Haroo\source\repos\Project1\Project1\test.cpp(238,121): warning C4244: 'argument': conversion from 'float' to 'int32_t', possible loss of data
C:\Users\Haroo\source\repos\Project1\Project1\test.cpp(238,86): warning C4244: 'argument': conversion from 'float' to 'int32_t', possible loss of data
C:\Users\Haroo\source\repos\Project1\Project1\test.cpp(238,61): warning C4244: 'argument': conversion from 'float' to 'int32_t', possible loss of data
C:\Users\Haroo\source\repos\Project1\Project1\test.cpp(238,36): warning C4244: 'argument': conversion from 'float' to 'int32_t', possible loss of data
C:\Users\Haroo\source\repos\Project1\Project1\test.cpp(239,140): warning C4244: 'argument': conversion from 'float' to 'int32_t', possible loss of data
C:\Users\Haroo\source\repos\Project1\Project1\test.cpp(239,90): warning C4244: 'argument': conversion from 'float' to 'int32_t', possible loss of data
C:\Users\Haroo\source\repos\Project1\Project1\test.cpp(239,66): warning C4244: 'argument': conversion from 'float' to 'int32_t', possible loss of data
C:\Users\Haroo\source\repos\Project1\Project1\test.cpp(239,36): warning C4244: 'argument': conversion from 'float' to 'int32_t', possible loss of data
C:\Users\Haroo\source\repos\Project1\Project1\test.cpp(240,129): warning C4244: 'argument': conversion from 'float' to 'int32_t', possible loss of data
C:\Users\Haroo\source\repos\Project1\Project1\test.cpp(240,105): warning C4244: 'argument': conversion from 'float' to 'int32_t', possible loss of data
C:\Users\Haroo\source\repos\Project1\Project1\test.cpp(240,65): warning C4244: 'argument': conversion from 'float' to 'int32_t', possible loss of data
C:\Users\Haroo\source\repos\Project1\Project1\test.cpp(240,41): warning C4244: 'argument': conversion from 'float' to 'int32_t', possible loss of data
C:\Users\Haroo\source\repos\Project1\Project1\test.cpp(253,66): warning C4244: 'argument': conversion from 'float' to 'int32_t', possible loss of data
C:\Users\Haroo\source\repos\Project1\Project1\test.cpp(253,33): warning C4244: 'argument': conversion from 'float' to 'int32_t', possible loss of data
C:\Users\Haroo\source\repos\Project1\Project1\test.cpp(254,64): warning C4244: 'argument': conversion from 'float' to 'int32_t', possible loss of data
C:\Users\Haroo\source\repos\Project1\Project1\test.cpp(254,33): warning C4244: 'argument': conversion from 'float' to 'int32_t', possible loss of data
C:\Users\Haroo\source\repos\Project1\Project1\test.cpp(263,116): warning C4244: 'argument': conversion from 'float' to 'int32_t', possible loss of data
C:\Users\Haroo\source\repos\Project1\Project1\test.cpp(263,82): warning C4244: 'argument': conversion from 'float' to 'int32_t', possible loss of data
C:\Users\Haroo\source\repos\Project1\Project1\test.cpp(263,58): warning C4244: 'argument': conversion from 'float' to 'int32_t', possible loss of data
C:\Users\Haroo\source\repos\Project1\Project1\test.cpp(263,34): warning C4244: 'argument': conversion from 'float' to 'int32_t', possible loss of data
C:\Users\Haroo\source\repos\Project1\Project1\test.cpp(264,135): warning C4244: 'argument': conversion from 'float' to 'int32_t', possible loss of data
C:\Users\Haroo\source\repos\Project1\Project1\test.cpp(264,86): warning C4244: 'argument': conversion from 'float' to 'int32_t', possible loss of data
C:\Users\Haroo\source\repos\Project1\Project1\test.cpp(264,63): warning C4244: 'argument': conversion from 'float' to 'int32_t', possible loss of data
C:\Users\Haroo\source\repos\Project1\Project1\test.cpp(264,34): warning C4244: 'argument': conversion from 'float' to 'int32_t', possible loss of data
C:\Users\Haroo\source\repos\Project1\Project1\test.cpp(265,124): warning C4244: 'argument': conversion from 'float' to 'int32_t', possible loss of data
C:\Users\Haroo\source\repos\Project1\Project1\test.cpp(265,101): warning C4244: 'argument': conversion from 'float' to 'int32_t', possible loss of data
C:\Users\Haroo\source\repos\Project1\Project1\test.cpp(265,62): warning C4244: 'argument': conversion from 'float' to 'int32_t', possible loss of data
C:\Users\Haroo\source\repos\Project1\Project1\test.cpp(265,39): warning C4244: 'argument': conversion from 'float' to 'int32_t', possible loss of data
C:\Users\Haroo\source\repos\Project1\Project1\test.cpp(269,120): warning C4244: 'argument': conversion from 'float' to 'int32_t', possible loss of data
C:\Users\Haroo\source\repos\Project1\Project1\test.cpp(269,85): warning C4244: 'argument': conversion from 'float' to 'int32_t', possible loss of data
C:\Users\Haroo\source\repos\Project1\Project1\test.cpp(269,60): warning C4244: 'argument': conversion from 'float' to 'int32_t', possible loss of data
C:\Users\Haroo\source\repos\Project1\Project1\test.cpp(269,35): warning C4244: 'argument': conversion from 'float' to 'int32_t', possible loss of data
C:\Users\Haroo\source\repos\Project1\Project1\test.cpp(270,139): warning C4244: 'argument': conversion from 'float' to 'int32_t', possible loss of data
C:\Users\Haroo\source\repos\Project1\Project1\test.cpp(270,89): warning C4244: 'argument': conversion from 'float' to 'int32_t', possible loss of data
C:\Users\Haroo\source\repos\Project1\Project1\test.cpp(270,65): warning C4244: 'argument': conversion from 'float' to 'int32_t', possible loss of data
C:\Users\Haroo\source\repos\Project1\Project1\test.cpp(270,35): warning C4244: 'argument': conversion from 'float' to 'int32_t', possible loss of data
C:\Users\Haroo\source\repos\Project1\Project1\test.cpp(271,128): warning C4244: 'argument': conversion from 'float' to 'int32_t', possible loss of data
C:\Users\Haroo\source\repos\Project1\Project1\test.cpp(271,104): warning C4244: 'argument': conversion from 'float' to 'int32_t', possible loss of data
C:\Users\Haroo\source\repos\Project1\Project1\test.cpp(271,64): warning C4244: 'argument': conversion from 'float' to 'int32_t', possible loss of data
C:\Users\Haroo\source\repos\Project1\Project1\test.cpp(271,40): warning C4244: 'argument': conversion from 'float' to 'int32_t', possible loss of data
C:\Users\Haroo\source\repos\Project1\Project1\test.cpp(284,44): warning C4244: 'argument': conversion from 'double' to 'int', possible loss of data
C:\Users\Haroo\source\repos\Project1\Project1\test.cpp(288,72): warning C4244: 'argument': conversion from 'float' to 'int32_t', possible loss of data
C:\Users\Haroo\source\repos\Project1\Project1\test.cpp(288,34): warning C4244: 'argument': conversion from 'float' to 'int32_t', possible loss of data
C:\Users\Haroo\source\repos\Project1\Project1\test.cpp(290,72): warning C4244: 'argument': conversion from 'float' to 'int32_t', possible loss of data
C:\Users\Haroo\source\repos\Project1\Project1\test.cpp(290,33): warning C4244: 'argument': conversion from 'float' to 'int32_t', possible loss of data
C:\Users\Haroo\source\repos\Project1\Project1\test.cpp(293,44): warning C4244: 'argument': conversion from 'double' to 'int', possible loss of data
C:\Users\Haroo\source\repos\Project1\Project1\test.cpp(297,72): warning C4244: 'argument': conversion from 'float' to 'int32_t', possible loss of data
C:\Users\Haroo\source\repos\Project1\Project1\test.cpp(297,34): warning C4244: 'argument': conversion from 'float' to 'int32_t', possible loss of data
C:\Users\Haroo\source\repos\Project1\Project1\test.cpp(307,72): warning C4244: 'argument': conversion from 'float' to 'int32_t', possible loss of data
C:\Users\Haroo\source\repos\Project1\Project1\test.cpp(307,33): warning C4244: 'argument': conversion from 'float' to 'int32_t', possible loss of data
C:\Users\Haroo\source\repos\Project1\Project1\test.cpp(316,116): warning C4244: 'argument': conversion from 'float' to 'int32_t', possible loss of data
C:\Users\Haroo\source\repos\Project1\Project1\test.cpp(316,82): warning C4244: 'argument': conversion from 'float' to 'int32_t', possible loss of data
C:\Users\Haroo\source\repos\Project1\Project1\test.cpp(316,58): warning C4244: 'argument': conversion from 'float' to 'int32_t', possible loss of data
C:\Users\Haroo\source\repos\Project1\Project1\test.cpp(316,34): warning C4244: 'argument': conversion from 'float' to 'int32_t', possible loss of data
C:\Users\Haroo\source\repos\Project1\Project1\test.cpp(317,135): warning C4244: 'argument': conversion from 'float' to 'int32_t', possible loss of data
C:\Users\Haroo\source\repos\Project1\Project1\test.cpp(317,86): warning C4244: 'argument': conversion from 'float' to 'int32_t', possible loss of data
C:\Users\Haroo\source\repos\Project1\Project1\test.cpp(317,63): warning C4244: 'argument': conversion from 'float' to 'int32_t', possible loss of data
C:\Users\Haroo\source\repos\Project1\Project1\test.cpp(317,34): warning C4244: 'argument': conversion from 'float' to 'int32_t', possible loss of data
C:\Users\Haroo\source\repos\Project1\Project1\test.cpp(318,124): warning C4244: 'argument': conversion from 'float' to 'int32_t', possible loss of data
C:\Users\Haroo\source\repos\Project1\Project1\test.cpp(318,101): warning C4244: 'argument': conversion from 'float' to 'int32_t', possible loss of data
C:\Users\Haroo\source\repos\Project1\Project1\test.cpp(318,62): warning C4244: 'argument': conversion from 'float' to 'int32_t', possible loss of data
C:\Users\Haroo\source\repos\Project1\Project1\test.cpp(318,39): warning C4244: 'argument': conversion from 'float' to 'int32_t', possible loss of data
C:\Users\Haroo\source\repos\Project1\Project1\test.cpp(322,120): warning C4244: 'argument': conversion from 'float' to 'int32_t', possible loss of data
C:\Users\Haroo\source\repos\Project1\Project1\test.cpp(322,85): warning C4244: 'argument': conversion from 'float' to 'int32_t', possible loss of data
C:\Users\Haroo\source\repos\Project1\Project1\test.cpp(322,60): warning C4244: 'argument': conversion from 'float' to 'int32_t', possible loss of data
C:\Users\Haroo\source\repos\Project1\Project1\test.cpp(322,35): warning C4244: 'argument': conversion from 'float' to 'int32_t', possible loss of data
C:\Users\Haroo\source\repos\Project1\Project1\test.cpp(323,139): warning C4244: 'argument': conversion from 'float' to 'int32_t', possible loss of data
C:\Users\Haroo\source\repos\Project1\Project1\test.cpp(323,89): warning C4244: 'argument': conversion from 'float' to 'int32_t', possible loss of data
C:\Users\Haroo\source\repos\Project1\Project1\test.cpp(323,65): warning C4244: 'argument': conversion from 'float' to 'int32_t', possible loss of data
C:\Users\Haroo\source\repos\Project1\Project1\test.cpp(323,35): warning C4244: 'argument': conversion from 'float' to 'int32_t', possible loss of data
C:\Users\Haroo\source\repos\Project1\Project1\test.cpp(324,128): warning C4244: 'argument': conversion from 'float' to 'int32_t', possible loss of data
C:\Users\Haroo\source\repos\Project1\Project1\test.cpp(324,104): warning C4244: 'argument': conversion from 'float' to 'int32_t', possible loss of data
C:\Users\Haroo\source\repos\Project1\Project1\test.cpp(324,64): warning C4244: 'argument': conversion from 'float' to 'int32_t', possible loss of data
C:\Users\Haroo\source\repos\Project1\Project1\test.cpp(324,40): warning C4244: 'argument': conversion from 'float' to 'int32_t', possible loss of data
C:\Users\Haroo\source\repos\Project1\Project1\test.cpp(336,66): warning C4244: 'argument': conversion from 'float' to 'int32_t', possible loss of data
C:\Users\Haroo\source\repos\Project1\Project1\test.cpp(336,33): warning C4244: 'argument': conversion from 'float' to 'int32_t', possible loss of data
C:\Users\Haroo\source\repos\Project1\Project1\test.cpp(337,64): warning C4244: 'argument': conversion from 'float' to 'int32_t', possible loss of data
C:\Users\Haroo\source\repos\Project1\Project1\test.cpp(337,33): warning C4244: 'argument': conversion from 'float' to 'int32_t', possible loss of data
C:\Users\Haroo\source\repos\Project1\Project1\test.cpp(346,116): warning C4244: 'argument': conversion from 'float' to 'int32_t', possible loss of data
C:\Users\Haroo\source\repos\Project1\Project1\test.cpp(346,82): warning C4244: 'argument': conversion from 'float' to 'int32_t', possible loss of data
C:\Users\Haroo\source\repos\Project1\Project1\test.cpp(346,58): warning C4244: 'argument': conversion from 'float' to 'int32_t', possible loss of data
C:\Users\Haroo\source\repos\Project1\Project1\test.cpp(346,34): warning C4244: 'argument': conversion from 'float' to 'int32_t', possible loss of data
C:\Users\Haroo\source\repos\Project1\Project1\test.cpp(347,135): warning C4244: 'argument': conversion from 'float' to 'int32_t', possible loss of data
C:\Users\Haroo\source\repos\Project1\Project1\test.cpp(347,86): warning C4244: 'argument': conversion from 'float' to 'int32_t', possible loss of data
C:\Users\Haroo\source\repos\Project1\Project1\test.cpp(347,63): warning C4244: 'argument': conversion from 'float' to 'int32_t', possible loss of data
C:\Users\Haroo\source\repos\Project1\Project1\test.cpp(347,34): warning C4244: 'argument': conversion from 'float' to 'int32_t', possible loss of data
C:\Users\Haroo\source\repos\Project1\Project1\test.cpp(348,124): warning C4244: 'argument': conversion from 'float' to 'int32_t', possible loss of data
C:\Users\Haroo\source\repos\Project1\Project1\test.cpp(348,101): warning C4244: 'argument': conversion from 'float' to 'int32_t', possible loss of data
C:\Users\Haroo\source\repos\Project1\Project1\test.cpp(348,62): warning C4244: 'argument': conversion from 'float' to 'int32_t', possible loss of data
C:\Users\Haroo\source\repos\Project1\Project1\test.cpp(348,39): warning C4244: 'argument': conversion from 'float' to 'int32_t', possible loss of data
C:\Users\Haroo\source\repos\Project1\Project1\test.cpp(352,120): warning C4244: 'argument': conversion from 'float' to 'int32_t', possible loss of data
C:\Users\Haroo\source\repos\Project1\Project1\test.cpp(352,85): warning C4244: 'argument': conversion from 'float' to 'int32_t', possible loss of data
C:\Users\Haroo\source\repos\Project1\Project1\test.cpp(352,60): warning C4244: 'argument': conversion from 'float' to 'int32_t', possible loss of data
C:\Users\Haroo\source\repos\Project1\Project1\test.cpp(352,35): warning C4244: 'argument': conversion from 'float' to 'int32_t', possible loss of data
C:\Users\Haroo\source\repos\Project1\Project1\test.cpp(353,139): warning C4244: 'argument': conversion from 'float' to 'int32_t', possible loss of data
C:\Users\Haroo\source\repos\Project1\Project1\test.cpp(353,89): warning C4244: 'argument': conversion from 'float' to 'int32_t', possible loss of data
C:\Users\Haroo\source\repos\Project1\Project1\test.cpp(353,65): warning C4244: 'argument': conversion from 'float' to 'int32_t', possible loss of data
C:\Users\Haroo\source\repos\Project1\Project1\test.cpp(353,35): warning C4244: 'argument': conversion from 'float' to 'int32_t', possible loss of data
C:\Users\Haroo\source\repos\Project1\Project1\test.cpp(354,128): warning C4244: 'argument': conversion from 'float' to 'int32_t', possible loss of data
C:\Users\Haroo\source\repos\Project1\Project1\test.cpp(354,104): warning C4244: 'argument': conversion from 'float' to 'int32_t', possible loss of data
C:\Users\Haroo\source\repos\Project1\Project1\test.cpp(354,64): warning C4244: 'argument': conversion from 'float' to 'int32_t', possible loss of data
C:\Users\Haroo\source\repos\Project1\Project1\test.cpp(354,40): warning C4244: 'argument': conversion from 'float' to 'int32_t', possible loss of data
C:\Users\Haroo\source\repos\Project1\Project1\test.cpp(367,44): warning C4244: 'argument': conversion from 'double' to 'int', possible loss of data
C:\Users\Haroo\source\repos\Project1\Project1\test.cpp(371,72): warning C4244: 'argument': conversion from 'float' to 'int32_t', possible loss of data
C:\Users\Haroo\source\repos\Project1\Project1\test.cpp(371,34): warning C4244: 'argument': conversion from 'float' to 'int32_t', possible loss of data
C:\Users\Haroo\source\repos\Project1\Project1\test.cpp(373,72): warning C4244: 'argument': conversion from 'float' to 'int32_t', possible loss of data
C:\Users\Haroo\source\repos\Project1\Project1\test.cpp(373,33): warning C4244: 'argument': conversion from 'float' to 'int32_t', possible loss of data
C:\Users\Haroo\source\repos\Project1\Project1\test.cpp(377,45): warning C4244: 'argument': conversion from 'double' to 'int', possible loss of data
C:\Users\Haroo\source\repos\Project1\Project1\test.cpp(381,73): warning C4244: 'argument': conversion from 'float' to 'int32_t', possible loss of data
C:\Users\Haroo\source\repos\Project1\Project1\test.cpp(381,35): warning C4244: 'argument': conversion from 'float' to 'int32_t', possible loss of data
C:\Users\Haroo\source\repos\Project1\Project1\test.cpp(389,72): warning C4244: 'argument': conversion from 'float' to 'int32_t', possible loss of data
C:\Users\Haroo\source\repos\Project1\Project1\test.cpp(389,33): warning C4244: 'argument': conversion from 'float' to 'int32_t', possible loss of data
C:\Users\Haroo\source\repos\Project1\Project1\test.cpp(398,116): warning C4244: 'argument': conversion from 'float' to 'int32_t', possible loss of data
C:\Users\Haroo\source\repos\Project1\Project1\test.cpp(398,82): warning C4244: 'argument': conversion from 'float' to 'int32_t', possible loss of data
C:\Users\Haroo\source\repos\Project1\Project1\test.cpp(398,58): warning C4244: 'argument': conversion from 'float' to 'int32_t', possible loss of data
C:\Users\Haroo\source\repos\Project1\Project1\test.cpp(398,34): warning C4244: 'argument': conversion from 'float' to 'int32_t', possible loss of data
C:\Users\Haroo\source\repos\Project1\Project1\test.cpp(399,135): warning C4244: 'argument': conversion from 'float' to 'int32_t', possible loss of data
C:\Users\Haroo\source\repos\Project1\Project1\test.cpp(399,86): warning C4244: 'argument': conversion from 'float' to 'int32_t', possible loss of data
C:\Users\Haroo\source\repos\Project1\Project1\test.cpp(399,63): warning C4244: 'argument': conversion from 'float' to 'int32_t', possible loss of data
C:\Users\Haroo\source\repos\Project1\Project1\test.cpp(399,34): warning C4244: 'argument': conversion from 'float' to 'int32_t', possible loss of data
C:\Users\Haroo\source\repos\Project1\Project1\test.cpp(400,124): warning C4244: 'argument': conversion from 'float' to 'int32_t', possible loss of data
C:\Users\Haroo\source\repos\Project1\Project1\test.cpp(400,101): warning C4244: 'argument': conversion from 'float' to 'int32_t', possible loss of data
C:\Users\Haroo\source\repos\Project1\Project1\test.cpp(400,62): warning C4244: 'argument': conversion from 'float' to 'int32_t', possible loss of data
C:\Users\Haroo\source\repos\Project1\Project1\test.cpp(400,39): warning C4244: 'argument': conversion from 'float' to 'int32_t', possible loss of data
C:\Users\Haroo\source\repos\Project1\Project1\test.cpp(404,120): warning C4244: 'argument': conversion from 'float' to 'int32_t', possible loss of data
C:\Users\Haroo\source\repos\Project1\Project1\test.cpp(404,85): warning C4244: 'argument': conversion from 'float' to 'int32_t', possible loss of data
C:\Users\Haroo\source\repos\Project1\Project1\test.cpp(404,60): warning C4244: 'argument': conversion from 'float' to 'int32_t', possible loss of data
C:\Users\Haroo\source\repos\Project1\Project1\test.cpp(404,35): warning C4244: 'argument': conversion from 'float' to 'int32_t', possible loss of data
C:\Users\Haroo\source\repos\Project1\Project1\test.cpp(405,139): warning C4244: 'argument': conversion from 'float' to 'int32_t', possible loss of data
C:\Users\Haroo\source\repos\Project1\Project1\test.cpp(405,89): warning C4244: 'argument': conversion from 'float' to 'int32_t', possible loss of data
C:\Users\Haroo\source\repos\Project1\Project1\test.cpp(405,65): warning C4244: 'argument': conversion from 'float' to 'int32_t', possible loss of data
C:\Users\Haroo\source\repos\Project1\Project1\test.cpp(405,35): warning C4244: 'argument': conversion from 'float' to 'int32_t', possible loss of data
C:\Users\Haroo\source\repos\Project1\Project1\test.cpp(406,128): warning C4244: 'argument': conversion from 'float' to 'int32_t', possible loss of data
C:\Users\Haroo\source\repos\Project1\Project1\test.cpp(406,104): warning C4244: 'argument': conversion from 'float' to 'int32_t', possible loss of data
C:\Users\Haroo\source\repos\Project1\Project1\test.cpp(406,64): warning C4244: 'argument': conversion from 'float' to 'int32_t', possible loss of data
C:\Users\Haroo\source\repos\Project1\Project1\test.cpp(406,40): warning C4244: 'argument': conversion from 'float' to 'int32_t', possible loss of data
C:\Users\Haroo\source\repos\Project1\Project1\test.cpp(418,68): warning C4244: 'argument': conversion from 'float' to 'int32_t', possible loss of data
C:\Users\Haroo\source\repos\Project1\Project1\test.cpp(418,33): warning C4244: 'argument': conversion from 'float' to 'int32_t', possible loss of data
C:\Users\Haroo\source\repos\Project1\Project1\test.cpp(419,66): warning C4244: 'argument': conversion from 'float' to 'int32_t', possible loss of data
C:\Users\Haroo\source\repos\Project1\Project1\test.cpp(419,33): warning C4244: 'argument': conversion from 'float' to 'int32_t', possible loss of data
C:\Users\Haroo\source\repos\Project1\Project1\test.cpp(428,116): warning C4244: 'argument': conversion from 'float' to 'int32_t', possible loss of data
C:\Users\Haroo\source\repos\Project1\Project1\test.cpp(428,82): warning C4244: 'argument': conversion from 'float' to 'int32_t', possible loss of data
C:\Users\Haroo\source\repos\Project1\Project1\test.cpp(428,58): warning C4244: 'argument': conversion from 'float' to 'int32_t', possible loss of data
C:\Users\Haroo\source\repos\Project1\Project1\test.cpp(428,34): warning C4244: 'argument': conversion from 'float' to 'int32_t', possible loss of data
C:\Users\Haroo\source\repos\Project1\Project1\test.cpp(429,135): warning C4244: 'argument': conversion from 'float' to 'int32_t', possible loss of data
C:\Users\Haroo\source\repos\Project1\Project1\test.cpp(429,86): warning C4244: 'argument': conversion from 'float' to 'int32_t', possible loss of data
C:\Users\Haroo\source\repos\Project1\Project1\test.cpp(429,63): warning C4244: 'argument': conversion from 'float' to 'int32_t', possible loss of data
C:\Users\Haroo\source\repos\Project1\Project1\test.cpp(429,34): warning C4244: 'argument': conversion from 'float' to 'int32_t', possible loss of data
C:\Users\Haroo\source\repos\Project1\Project1\test.cpp(430,124): warning C4244: 'argument': conversion from 'float' to 'int32_t', possible loss of data
C:\Users\Haroo\source\repos\Project1\Project1\test.cpp(430,101): warning C4244: 'argument': conversion from 'float' to 'int32_t', possible loss of data
C:\Users\Haroo\source\repos\Project1\Project1\test.cpp(430,62): warning C4244: 'argument': conversion from 'float' to 'int32_t', possible loss of data
C:\Users\Haroo\source\repos\Project1\Project1\test.cpp(430,39): warning C4244: 'argument': conversion from 'float' to 'int32_t', possible loss of data
C:\Users\Haroo\source\repos\Project1\Project1\test.cpp(434,120): warning C4244: 'argument': conversion from 'float' to 'int32_t', possible loss of data
C:\Users\Haroo\source\repos\Project1\Project1\test.cpp(434,85): warning C4244: 'argument': conversion from 'float' to 'int32_t', possible loss of data
C:\Users\Haroo\source\repos\Project1\Project1\test.cpp(434,60): warning C4244: 'argument': conversion from 'float' to 'int32_t', possible loss of data
C:\Users\Haroo\source\repos\Project1\Project1\test.cpp(434,35): warning C4244: 'argument': conversion from 'float' to 'int32_t', possible loss of data
C:\Users\Haroo\source\repos\Project1\Project1\test.cpp(435,139): warning C4244: 'argument': conversion from 'float' to 'int32_t', possible loss of data
C:\Users\Haroo\source\repos\Project1\Project1\test.cpp(435,89): warning C4244: 'argument': conversion from 'float' to 'int32_t', possible loss of data
C:\Users\Haroo\source\repos\Project1\Project1\test.cpp(435,65): warning C4244: 'argument': conversion from 'float' to 'int32_t', possible loss of data
C:\Users\Haroo\source\repos\Project1\Project1\test.cpp(435,35): warning C4244: 'argument': conversion from 'float' to 'int32_t', possible loss of data
C:\Users\Haroo\source\repos\Project1\Project1\test.cpp(436,128): warning C4244: 'argument': conversion from 'float' to 'int32_t', possible loss of data
C:\Users\Haroo\source\repos\Project1\Project1\test.cpp(436,104): warning C4244: 'argument': conversion from 'float' to 'int32_t', possible loss of data
C:\Users\Haroo\source\repos\Project1\Project1\test.cpp(436,64): warning C4244: 'argument': conversion from 'float' to 'int32_t', possible loss of data
C:\Users\Haroo\source\repos\Project1\Project1\test.cpp(436,40): warning C4244: 'argument': conversion from 'float' to 'int32_t', possible loss of data
C:\Users\Haroo\source\repos\Project1\Project1\test.cpp(449,44): warning C4244: 'argument': conversion from 'double' to 'int', possible loss of data
C:\Users\Haroo\source\repos\Project1\Project1\test.cpp(451,72): warning C4244: 'argument': conversion from 'float' to 'int32_t', possible loss of data
C:\Users\Haroo\source\repos\Project1\Project1\test.cpp(451,34): warning C4244: 'argument': conversion from 'float' to 'int32_t', possible loss of data
C:\Users\Haroo\source\repos\Project1\Project1\test.cpp(465,78): warning C4244: 'argument': conversion from 'float' to 'int32_t', possible loss of data
C:\Users\Haroo\source\repos\Project1\Project1\test.cpp(465,34): warning C4244: 'argument': conversion from 'float' to 'int32_t', possible loss of data
C:\Users\Haroo\source\repos\Project1\Project1\test.cpp(467,78): warning C4244: 'argument': conversion from 'float' to 'int32_t', possible loss of data
C:\Users\Haroo\source\repos\Project1\Project1\test.cpp(467,34): warning C4244: 'argument': conversion from 'float' to 'int32_t', possible loss of data
C:\Users\Haroo\source\repos\Project1\Project1\test.cpp(470,78): warning C4244: 'argument': conversion from 'float' to 'int32_t', possible loss of data
C:\Users\Haroo\source\repos\Project1\Project1\test.cpp(470,34): warning C4244: 'argument': conversion from 'float' to 'int32_t', possible loss of data
C:\Users\Haroo\source\repos\Project1\Project1\test.cpp(482,134): warning C4244: 'argument': conversion from 'float' to 'int32_t', possible loss of data
C:\Users\Haroo\source\repos\Project1\Project1\test.cpp(482,105): warning C4244: 'argument': conversion from 'float' to 'int32_t', possible loss of data
C:\Users\Haroo\source\repos\Project1\Project1\test.cpp(482,69): warning C4244: 'argument': conversion from 'float' to 'int32_t', possible loss of data
C:\Users\Haroo\source\repos\Project1\Project1\test.cpp(482,33): warning C4244: 'argument': conversion from 'float' to 'int32_t', possible loss of data
  Generating code
  1 of 2253 functions (<0.1%) were compiled, the rest were copied from previous compilation.
    0 functions were new in current compilation
    3 functions had inline decision re-evaluated but remain unchanged
  Finished generating code
  Project1.vcxproj -> C:\Users\Haroo\source\repos\Project1\x64\Release\Project1.exe
